Remember that you can report errors and get help in https://github.com/NicoSantangelo/sublime-gulp

01-15-2016 16:05:

fs.js:432
  return binding.open(pathModule._makeLong(path), stringToFlags(flags), mode);
                 ^
Error: EACCES, permission denied '/home/sinelnikov/Project/uralsib/.sublime-gulp.cache'
    at Object.fs.openSync (fs.js:432:18)
    at Object.fs.writeFileSync (fs.js:971:15)
    at Object.<anonymous> (/home/sinelnikov/.config/sublime-text-3/Packages/Gulp/write_tasks_to_cache.js:100:8)
    at Module._compile (module.js:456:26)
    at Object.Module._extensions..js (module.js:474:10)
    at Module.load (module.js:356:32)
    at Function.Module._load (module.js:312:12)
    at Function.Module.runMain (module.js:497:10)
    at startup (node.js:119:16)
    at node.js:902:3


01-15-2016 16:06:

fs.js:432
  return binding.open(pathModule._makeLong(path), stringToFlags(flags), mode);
                 ^
Error: EACCES, permission denied '/home/sinelnikov/Project/uralsib/.sublime-gulp.cache'
    at Object.fs.openSync (fs.js:432:18)
    at Object.fs.writeFileSync (fs.js:971:15)
    at Object.<anonymous> (/home/sinelnikov/.config/sublime-text-3/Packages/Gulp/write_tasks_to_cache.js:100:8)
    at Module._compile (module.js:456:26)
    at Object.Module._extensions..js (module.js:474:10)
    at Module.load (module.js:356:32)
    at Function.Module._load (module.js:312:12)
    at Function.Module.runMain (module.js:497:10)
    at startup (node.js:119:16)
    at node.js:902:3


01-15-2016 16:06:

fs.js:432
  return binding.open(pathModule._makeLong(path), stringToFlags(flags), mode);
                 ^
Error: EACCES, permission denied '/home/sinelnikov/Project/uralsib/.sublime-gulp.cache'
    at Object.fs.openSync (fs.js:432:18)
    at Object.fs.writeFileSync (fs.js:971:15)
    at Object.<anonymous> (/home/sinelnikov/.config/sublime-text-3/Packages/Gulp/write_tasks_to_cache.js:100:8)
    at Module._compile (module.js:456:26)
    at Object.Module._extensions..js (module.js:474:10)
    at Module.load (module.js:356:32)
    at Function.Module._load (module.js:312:12)
    at Function.Module.runMain (module.js:497:10)
    at startup (node.js:119:16)
    at node.js:902:3
